#
# There is insufficient memory for the Java Runtime Environment to continue.
# Native memory allocation (malloc) failed to allocate 112176 bytes for Chunk::new
# Possible reasons:
#   The system is out of physical RAM or swap space
#   In 32 bit mode, the process size limit was hit
# Possible solutions:
#   Reduce memory load on the system
#   Increase physical memory or swap space
#   Check if swap backing store is full
#   Use 64 bit Java on a 64 bit OS
#   Decrease Java heap size (-Xmx/-Xms)
#   Decrease number of Java threads
#   Decrease Java thread stack sizes (-Xss)
#   Set larger code cache with -XX:ReservedCodeCacheSize=
# This output file may be truncated or incomplete.
#
Out of Memory Error (allocation.cpp:390), pid=12340, tid=0x0000000000002ca4
#
# JRE version: Java(TM) SE Runtime Environment (8.0_181-b13) (build 1.8.0_181-b13)
# Java VM: Java HotSpot(TM) 64-Bit Server VM (25.181-b13 mixed mode windows-amd64 compressed oops)
# Failed to write core dump. Minidumps are not enabled by default on client versions of Windows
#

---------------  T H R E A D  ---------------

Current thread (0x0000000013004000):  JavaThread "C2 CompilerThread1" daemon [_thread_in_native, id=11428, stack(0x0000000014750000,0x0000000014850000)]

Stack: [0x0000000014750000,0x0000000014850000]
[error occurred during error reporting (printing stack bounds), id 0xc0000005]

Native frames: (J=compiled Java code, j=interpreted, Vv=VM code, C=native code)


Current CompileTask:
C2: 535746 1237       4       java.lang.AbstractStringBuilder::append (70 bytes)


---------------  P R O C E S S  ---------------

Java Threads: ( => current thread )
  0x00000000153e5000 JavaThread "Forward input" [_thread_blocked, id=220, stack(0x0000000017060000,0x0000000017160000)]
  0x0000000015679800 JavaThread "DisconnectableInputStream source reader" daemon [_thread_in_native, id=8104, stack(0x0000000016f60000,0x0000000017060000)]
  0x0000000015635800 JavaThread "pool-1-thread-1" [_thread_blocked, id=7036, stack(0x0000000000ff0000,0x00000000010f0000)]
  0x000000001497d000 JavaThread "Service Thread" daemon [_thread_blocked, id=6784, stack(0x0000000014d50000,0x0000000014e50000)]
  0x0000000013008000 JavaThread "C1 CompilerThread2" daemon [_thread_blocked, id=8496, stack(0x0000000014850000,0x0000000014950000)]
=>0x0000000013004000 JavaThread "C2 CompilerThread1" daemon [_thread_in_native, id=11428, stack(0x0000000014750000,0x0000000014850000)]
  0x0000000013000000 JavaThread "C2 CompilerThread0" daemon [_thread_blocked, id=12872, stack(0x0000000014650000,0x0000000014750000)]
  0x0000000012ffc000 JavaThread "Attach Listener" daemon [_thread_blocked, id=2824, stack(0x0000000014550000,0x0000000014650000)]
  0x0000000012ffb000 JavaThread "Signal Dispatcher" daemon [_thread_blocked, id=9764, stack(0x0000000014450000,0x0000000014550000)]
  0x0000000002bbb800 JavaThread "Finalizer" daemon [_thread_blocked, id=12556, stack(0x0000000014250000,0x0000000014350000)]
  0x0000000012fc9000 JavaThread "Reference Handler" daemon [_thread_blocked, id=3252, stack(0x0000000014150000,0x0000000014250000)]
  0x0000000002ac2800 JavaThread "main" [_thread_in_native, id=12256, stack(0x00000000011f0000,0x00000000012f0000)]

Other Threads:
  0x0000000012fc8000 VMThread [stack: 0x0000000014050000,0x0000000014150000] [id=6668]
  0x0000000014996800 WatcherThread [stack: 0x0000000014e50000,0x0000000014f50000] [id=4832]

VM state:not at safepoint (normal execution)

VM Mutex/Monitor currently owned by a thread: None

Heap:
 PSYoungGen      total 18944K, used 3707K [0x00000000feb00000, 0x0000000100000000, 0x0000000100000000)
  eden space 16384K, 7% used [0x00000000feb00000,0x00000000fec1efc0,0x00000000ffb00000)
  from space 2560K, 100% used [0x00000000ffb00000,0x00000000ffd80000,0x00000000ffd80000)
  to   space 2560K, 0% used [0x00000000ffd80000,0x00000000ffd80000,0x0000000100000000)
 ParOldGen       total 44032K, used 2743K [0x00000000fc000000, 0x00000000feb00000, 0x00000000feb00000)
  object space 44032K, 6% used [0x00000000fc000000,0x00000000fc2add38,0x00000000feb00000)
 Metaspace       used 11825K, capacity 12090K, committed 12416K, reserved 1060864K
  class space    used 1538K, capacity 1625K, committed 1664K, reserved 1048576K

Card table byte_map: [0x0000000002bc0000,0x0000000002bf0000] byte_map_base: 0x00000000023e0000

Marking Bits: (ParMarkBitMap*) 0x00000000639e2d00
 Begin Bits: [0x0000000012460000, 0x0000000012560000)
 End Bits:   [0x0000000012560000, 0x0000000012660000)

Polling page: 0x00000000009f0000

CodeCache: size=245760Kb used=3900Kb max_used=3911Kb free=241859Kb
 bounds [0x0000000002da0000, 0x0000000003180000, 0x0000000011da0000]
 total_blobs=1534 nmethods=1155 adapters=291
 compilation: enabled

Compilation events (10 events):
Event: 500.690 Thread 0x0000000013004000 nmethod 1232 0x0000000003010e90 code [0x0000000003010fc0, 0x0000000003011018]
Event: 510.387 Thread 0x0000000013000000 1233       4       org.gradle.internal.logging.console.MultiLineBuildProgressArea::redraw (203 bytes)
Event: 510.408 Thread 0x0000000013000000 nmethod 1233 0x0000000003178a10 code [0x0000000003178c40, 0x00000000031797a0]
Event: 513.687 Thread 0x0000000013008000 1234       3       com.google.common.collect.CollectPreconditions::checkNonnegative (37 bytes)
Event: 513.688 Thread 0x0000000013008000 nmethod 1234 0x0000000002edc150 code [0x0000000002edc340, 0x0000000002edcc68]
Event: 513.688 Thread 0x0000000013008000 1235       3       java.util.Collections::addAll (43 bytes)
Event: 513.689 Thread 0x0000000013008000 nmethod 1235 0x0000000002ec0090 code [0x0000000002ec0200, 0x0000000002ec0508]
Event: 532.888 Thread 0x0000000013000000 1236       4       java.lang.Long::stringSize (38 bytes)
Event: 532.898 Thread 0x0000000013000000 nmethod 1236 0x0000000002fe4a10 code [0x0000000002fe4b40, 0x0000000002fe4cb8]
Event: 533.088 Thread 0x0000000013004000 1237       4       java.lang.AbstractStringBuilder::append (70 bytes)

GC Heap History (6 events):
Event: 25.872 GC heap before
{Heap before GC invocations=1 (full 0):
 PSYoungGen      total 18944K, used 16384K [0x00000000feb00000, 0x0000000100000000, 0x0000000100000000)
  eden space 16384K, 100% used [0x00000000feb00000,0x00000000ffb00000,0x00000000ffb00000)
  from space 2560K, 0% used [0x00000000ffd80000,0x00000000ffd80000,0x0000000100000000)
  to   space 2560K, 0% used [0x00000000ffb00000,0x00000000ffb00000,0x00000000ffd80000)
 ParOldGen       total 44032K, used 0K [0x00000000fc000000, 0x00000000feb00000, 0x00000000feb00000)
  object space 44032K, 0% used [0x00000000fc000000,0x00000000fc000000,0x00000000feb00000)
 Metaspace       used 5906K, capacity 6112K, committed 6272K, reserved 1056768K
  class space    used 747K, capacity 800K, committed 896K, reserved 1048576K
Event: 26.183 GC heap after
Heap after GC invocations=1 (full 0):
 PSYoungGen      total 18944K, used 2528K [0x00000000feb00000, 0x0000000100000000, 0x0000000100000000)
  eden space 16384K, 0% used [0x00000000feb00000,0x00000000feb00000,0x00000000ffb00000)
  from space 2560K, 98% used [0x00000000ffb00000,0x00000000ffd782c8,0x00000000ffd80000)
  to   space 2560K, 0% used [0x00000000ffd80000,0x00000000ffd80000,0x0000000100000000)
 ParOldGen       total 44032K, used 188K [0x00000000fc000000, 0x00000000feb00000, 0x00000000feb00000)
  object space 44032K, 0% used [0x00000000fc000000,0x00000000fc02f128,0x00000000feb00000)
 Metaspace       used 5906K, capacity 6112K, committed 6272K, reserved 1056768K
  class space    used 747K, capacity 800K, committed 896K, reserved 1048576K
}
Event: 74.128 GC heap before
{Heap before GC invocations=2 (full 0):
 PSYoungGen      total 18944K, used 18912K [0x00000000feb00000, 0x0000000100000000, 0x0000000100000000)
  eden space 16384K, 100% used [0x00000000feb00000,0x00000000ffb00000,0x00000000ffb00000)
  from space 2560K, 98% used [0x00000000ffb00000,0x00000000ffd782c8,0x00000000ffd80000)
  to   space 2560K, 0% used [0x00000000ffd80000,0x00000000ffd80000,0x0000000100000000)
 ParOldGen       total 44032K, used 188K [0x00000000fc000000, 0x00000000feb00000, 0x00000000feb00000)
  object space 44032K, 0% used [0x00000000fc000000,0x00000000fc02f128,0x00000000feb00000)
 Metaspace       used 9137K, capacity 9406K, committed 9600K, reserved 1056768K
  class space    used 1228K, capacity 1325K, committed 1408K, reserved 1048576K
Event: 74.151 GC heap after
Heap after GC invocations=2 (full 0):
 PSYoungGen      total 18944K, used 2545K [0x00000000feb00000, 0x0000000100000000, 0x0000000100000000)
  eden space 16384K, 0% used [0x00000000feb00000,0x00000000feb00000,0x00000000ffb00000)
  from space 2560K, 99% used [0x00000000ffd80000,0x00000000ffffc660,0x0000000100000000)
  to   space 2560K, 0% used [0x00000000ffb00000,0x00000000ffb00000,0x00000000ffd80000)
 ParOldGen       total 44032K, used 1390K [0x00000000fc000000, 0x00000000feb00000, 0x00000000feb00000)
  object space 44032K, 3% used [0x00000000fc000000,0x00000000fc15b8a8,0x00000000feb00000)
 Metaspace       used 9137K, capacity 9406K, committed 9600K, reserved 1056768K
  class space    used 1228K, capacity 1325K, committed 1408K, reserved 1048576K
}
Event: 468.988 GC heap before
{Heap before GC invocations=3 (full 0):
 PSYoungGen      total 18944K, used 18929K [0x00000000feb00000, 0x0000000100000000, 0x0000000100000000)
  eden space 16384K, 100% used [0x00000000feb00000,0x00000000ffb00000,0x00000000ffb00000)
  from space 2560K, 99% used [0x00000000ffd80000,0x00000000ffffc660,0x0000000100000000)
  to   space 2560K, 0% used [0x00000000ffb00000,0x00000000ffb00000,0x00000000ffd80000)
 ParOldGen       total 44032K, used 1390K [0x00000000fc000000, 0x00000000feb00000, 0x00000000feb00000)
  object space 44032K, 3% used [0x00000000fc000000,0x00000000fc15b8a8,0x00000000feb00000)
 Metaspace       used 11822K, capacity 12090K, committed 12416K, reserved 1060864K
  class space    used 1538K, capacity 1625K, committed 1664K, reserved 1048576K
Event: 469.011 GC heap after
Heap after GC invocations=3 (full 0):
 PSYoungGen      total 18944K, used 2560K [0x00000000feb00000, 0x0000000100000000, 0x0000000100000000)
  eden space 16384K, 0% used [0x00000000feb00000,0x00000000feb00000,0x00000000ffb00000)
  from space 2560K, 100% used [0x00000000ffb00000,0x00000000ffd80000,0x00000000ffd80000)
  to   space 2560K, 0% used [0x00000000ffd80000,0x00000000ffd80000,0x0000000100000000)
 ParOldGen       total 44032K, used 2743K [0x00000000fc000000, 0x00000000feb00000, 0x00000000feb00000)
  object space 44032K, 6% used [0x00000000fc000000,0x00000000fc2add38,0x00000000feb00000)
 Metaspace       used 11822K, capacity 12090K, committed 12416K, reserved 1060864K
  class space    used 1538K, capacity 1625K, committed 1664K, reserved 1048576K
}

Deoptimization events (7 events):
Event: 8.001 Thread 0x0000000002ac2800 Uncommon trap: reason=unstable_if action=reinterpret pc=0x0000000002f2ef38 method=java.lang.String.startsWith(Ljava/lang/String;I)Z @ 25
Event: 66.146 Thread 0x0000000002ac2800 Uncommon trap: reason=unstable_if action=reinterpret pc=0x000000000302aee8 method=java.util.HashMap.hash(Ljava/lang/Object;)I @ 1
Event: 73.774 Thread 0x0000000002ac2800 Uncommon trap: reason=unstable_if action=reinterpret pc=0x00000000030111fc method=java.util.HashMap.getNode(ILjava/lang/Object;)Ljava/util/HashMap$Node; @ 129
Event: 73.774 Thread 0x0000000002ac2800 Uncommon trap: reason=class_check action=maybe_recompile pc=0x000000000303a79c method=java.util.HashMap.putVal(ILjava/lang/Object;Ljava/lang/Object;ZZ)Ljava/lang/Object; @ 203
Event: 81.757 Thread 0x0000000015af2000 Uncommon trap: reason=class_check action=maybe_recompile pc=0x000000000303a79c method=java.util.HashMap.putVal(ILjava/lang/Object;Ljava/lang/Object;ZZ)Ljava/lang/Object; @ 203
Event: 81.757 Thread 0x0000000015af2000 Uncommon trap: reason=class_check action=maybe_recompile pc=0x000000000303a79c method=java.util.HashMap.putVal(ILjava/lang/Object;Ljava/lang/Object;ZZ)Ljava/lang/Object; @ 203
Event: 357.689 Thread 0x0000000015635800 Uncommon trap: reason=unstable_if action=reinterpret pc=0x000000000314ee04 method=java.io.BufferedOutputStream.write(I)V @ 9

Classes redefined (0 events):
No events

Internal exceptions (10 events):
Event: 66.146 Thread 0x0000000002ac2800 Implicit null exception at 0x000000000302acd5 to 0x000000000302aed9
Event: 66.618 Thread 0x0000000002ac2800 Exception <a 'java/lang/ArrayIndexOutOfBoundsException'> (0x00000000ff59b798) thrown at [C:\re\workspace\8-2-build-windows-amd64-cygwin\jdk8u181\11358\hotspot\src\share\vm\runtime\sharedRuntime.cpp, line 605]
Event: 66.632 Thread 0x0000000002ac2800 Exception <a 'java/lang/ArrayIndexOutOfBoundsException'> (0x00000000ff59f8f0) thrown at [C:\re\workspace\8-2-build-windows-amd64-cygwin\jdk8u181\11358\hotspot\src\share\vm\runtime\sharedRuntime.cpp, line 605]
Event: 66.986 Thread 0x0000000002ac2800 Exception <a 'java/lang/ArrayIndexOutOfBoundsException'> (0x00000000ff611730) thrown at [C:\re\workspace\8-2-build-windows-amd64-cygwin\jdk8u181\11358\hotspot\src\share\vm\runtime\sharedRuntime.cpp, line 605]
Event: 67.004 Thread 0x0000000002ac2800 Exception <a 'java/lang/ArrayIndexOutOfBoundsException'> (0x00000000ff612800) thrown at [C:\re\workspace\8-2-build-windows-amd64-cygwin\jdk8u181\11358\hotspot\src\share\vm\runtime\sharedRuntime.cpp, line 605]
Event: 67.004 Thread 0x0000000002ac2800 Exception <a 'java/lang/ArrayIndexOutOfBoundsException'> (0x00000000ff613730) thrown at [C:\re\workspace\8-2-build-windows-amd64-cygwin\jdk8u181\11358\hotspot\src\share\vm\runtime\sharedRuntime.cpp, line 605]
Event: 67.005 Thread 0x0000000002ac2800 Exception <a 'java/lang/ArrayIndexOutOfBoundsException'> (0x00000000ff615eb8) thrown at [C:\re\workspace\8-2-build-windows-amd64-cygwin\jdk8u181\11358\hotspot\src\share\vm\runtime\sharedRuntime.cpp, line 605]
Event: 67.005 Thread 0x0000000002ac2800 Exception <a 'java/lang/ArrayIndexOutOfBoundsException'> (0x00000000ff619b78) thrown at [C:\re\workspace\8-2-build-windows-amd64-cygwin\jdk8u181\11358\hotspot\src\share\vm\runtime\sharedRuntime.cpp, line 605]
Event: 71.252 Thread 0x0000000002ac2800 Exception <a 'java/lang/NoSuchFieldError': method resolution failed> (0x00000000ff7e7b08) thrown at [C:\re\workspace\8-2-build-windows-amd64-cygwin\jdk8u181\11358\hotspot\src\share\vm\prims\methodHandles.cpp, line 1167]
Event: 71.254 Thread 0x0000000002ac2800 Exception <a 'java/lang/NoSuchFieldError': method resolution failed> (0x00000000ff7f55c8) thrown at [C:\re\workspace\8-2-build-windows-amd64-cygwin\jdk8u181\11358\hotspot\src\share\vm\prims\methodHandles.cpp, line 1167]

Events (10 events):
Event: 469.690 Thread 0x0000000013008000 flushing nmethod 0x0000000002ebf6d0
Event: 469.690 Thread 0x0000000013008000 flushing nmethod 0x0000000002ec0090
Event: 470.690 Thread 0x0000000013008000 flushing nmethod 0x0000000002ecd2d0
Event: 470.690 Thread 0x0000000013008000 flushing nmethod 0x0000000002edbb50
Event: 470.690 Thread 0x0000000013008000 flushing nmethod 0x0000000002edec10
Event: 494.688 Thread 0x0000000013008000 flushing nmethod 0x0000000002f25750
Event: 494.688 Thread 0x0000000013008000 flushing nmethod 0x0000000002f2d550
Event: 494.688 Thread 0x0000000013008000 flushing nmethod 0x0000000002f49d50
Event: 500.691 Thread 0x0000000013004000 flushing nmethod 0x0000000002f77750
Event: 513.688 Thread 0x0000000013008000 flushing nmethod 0x0000000002fe4a10


Dynamic libraries:
0x00007ff7261c0000 - 0x00007ff7261f7000 	C:\Program Files\Java\jdk1.8.0_181\bin\java.exe
0x00007fff62120000 - 0x00007fff62310000 	C:\WINDOWS\SYSTEM32\ntdll.dll
0x00007fff60de0000 - 0x00007fff60e92000 	C:\WINDOWS\System32\KERNEL32.DLL
0x00007fff5f4f0000 - 0x00007fff5f793000 	C:\WINDOWS\System32\KERNELBASE.dll
0x00007fff601d0000 - 0x00007fff60273000 	C:\WINDOWS\System32\ADVAPI32.dll
0x00007fff60bf0000 - 0x00007fff60c8e000 	C:\WINDOWS\System32\msvcrt.dll
0x00007fff60b50000 - 0x00007fff60be7000 	C:\WINDOWS\System32\sechost.dll
0x00007fff61dc0000 - 0x00007fff61ee0000 	C:\WINDOWS\System32\RPCRT4.dll
0x00007fff605b0000 - 0x00007fff60744000 	C:\WINDOWS\System32\USER32.dll
0x00007fff60150000 - 0x00007fff60171000 	C:\WINDOWS\System32\win32u.dll
0x00007fff61d90000 - 0x00007fff61db6000 	C:\WINDOWS\System32\GDI32.dll
0x00007fff5f350000 - 0x00007fff5f4e4000 	C:\WINDOWS\System32\gdi32full.dll
0x00007fff5f7a0000 - 0x00007fff5f83e000 	C:\WINDOWS\System32\msvcp_win.dll
0x00007fff5f250000 - 0x00007fff5f34a000 	C:\WINDOWS\System32\ucrtbase.dll
0x00007fff4efb0000 - 0x00007fff4f235000 	C:\WINDOWS\WinSxS\amd64_microsoft.windows.common-controls_6595b64144ccf1df_6.0.18362.720_none_e6beb5c51314836b\COMCTL32.dll
0x00007fff60810000 - 0x00007fff60b46000 	C:\WINDOWS\System32\combase.dll
0x00007fff5f8a0000 - 0x00007fff5f920000 	C:\WINDOWS\System32\bcryptPrimitives.dll
0x00007fff60280000 - 0x00007fff602ae000 	C:\WINDOWS\System32\IMM32.DLL
0x0000000063a70000 - 0x0000000063b42000 	C:\Program Files\Java\jdk1.8.0_181\jre\bin\msvcr100.dll
0x00000000631c0000 - 0x0000000063a62000 	C:\Program Files\Java\jdk1.8.0_181\jre\bin\server\jvm.dll
0x00007fff60dd0000 - 0x00007fff60dd8000 	C:\WINDOWS\System32\PSAPI.DLL
0x00007fff52a80000 - 0x00007fff52a8a000 	C:\WINDOWS\SYSTEM32\VERSION.dll
0x00007fff4de90000 - 0x00007fff4de99000 	C:\WINDOWS\SYSTEM32\WSOCK32.dll
0x00007fff5abe0000 - 0x00007fff5ac04000 	C:\WINDOWS\SYSTEM32\WINMM.dll
0x00007fff60d60000 - 0x00007fff60dcf000 	C:\WINDOWS\System32\WS2_32.dll
0x00007fff5abb0000 - 0x00007fff5abdd000 	C:\WINDOWS\SYSTEM32\WINMMBASE.dll
0x00007fff60180000 - 0x00007fff601ca000 	C:\WINDOWS\System32\cfgmgr32.dll
0x00000000631b0000 - 0x00000000631bf000 	C:\Program Files\Java\jdk1.8.0_181\jre\bin\verify.dll
0x0000000063180000 - 0x00000000631a9000 	C:\Program Files\Java\jdk1.8.0_181\jre\bin\java.dll
0x0000000063160000 - 0x0000000063176000 	C:\Program Files\Java\jdk1.8.0_181\jre\bin\zip.dll
0x00007fff61640000 - 0x00007fff61d25000 	C:\WINDOWS\System32\SHELL32.dll
0x00007fff60750000 - 0x00007fff607f9000 	C:\WINDOWS\System32\shcore.dll
0x00007fff5f920000 - 0x00007fff600a0000 	C:\WINDOWS\System32\windows.storage.dll
0x00007fff5f010000 - 0x00007fff5f033000 	C:\WINDOWS\System32\profapi.dll
0x00007fff5f060000 - 0x00007fff5f0aa000 	C:\WINDOWS\System32\powrprof.dll
0x00007fff5efe0000 - 0x00007fff5eff0000 	C:\WINDOWS\System32\UMPDC.dll
0x00007fff61d30000 - 0x00007fff61d82000 	C:\WINDOWS\System32\shlwapi.dll
0x00007fff5eff0000 - 0x00007fff5f001000 	C:\WINDOWS\System32\kernel.appcore.dll
0x00007fff5f0e0000 - 0x00007fff5f0f7000 	C:\WINDOWS\System32\cryptsp.dll
0x0000000063140000 - 0x000000006315a000 	C:\Program Files\Java\jdk1.8.0_181\jre\bin\net.dll
0x00007fff5e850000 - 0x00007fff5e8b7000 	C:\WINDOWS\system32\mswsock.dll
0x0000000063120000 - 0x0000000063131000 	C:\Program Files\Java\jdk1.8.0_181\jre\bin\nio.dll
0x00007fff5b0c0000 - 0x00007fff5b0e6000 	C:\Users\DELL\.gradle\native\29\windows-amd64\native-platform.dll
0x00007fff5e3c0000 - 0x00007fff5e3f3000 	C:\WINDOWS\system32\rsaenh.dll
0x00007fff5f0b0000 - 0x00007fff5f0d6000 	C:\WINDOWS\System32\bcrypt.dll
0x00007fff5eed0000 - 0x00007fff5eef5000 	C:\WINDOWS\SYSTEM32\USERENV.dll
0x00007fff5ea20000 - 0x00007fff5ea2c000 	C:\WINDOWS\SYSTEM32\CRYPTBASE.dll
0x00007fff5e560000 - 0x00007fff5e59a000 	C:\WINDOWS\SYSTEM32\IPHLPAPI.DLL
0x00007fff60310000 - 0x00007fff60318000 	C:\WINDOWS\System32\NSI.dll
0x00007fff52710000 - 0x00007fff52726000 	C:\WINDOWS\SYSTEM32\dhcpcsvc6.DLL
0x00007fff527e0000 - 0x00007fff527fc000 	C:\WINDOWS\SYSTEM32\dhcpcsvc.DLL
0x00007fff5e5a0000 - 0x00007fff5e66a000 	C:\WINDOWS\SYSTEM32\DNSAPI.dll
0x00007fff5b0a0000 - 0x00007fff5b0aa000 	C:\Users\DELL\.gradle\native\jansi\1.17.1\windows64\jansi-1.17.1-3791918166397286072.dll
0x00007fff5b090000 - 0x00007fff5b09a000 	C:\Users\DELL\.gradle\native\jansi\1.17.1\windows64\jansi-1.17.1-8035612212098395312.dll
0x0000000063110000 - 0x000000006311d000 	C:\Program Files\Java\jdk1.8.0_181\jre\bin\management.dll

VM Arguments:
jvm_args: -Xmx64m -Xms64m -Dorg.gradle.appname=gradlew 
java_command: org.gradle.wrapper.GradleWrapperMain app:installDebug -PreactNativeDevServerPort=8081
java_class_path (initial): D:\Proyek RN\KP\kita_pancasila\android\\gradle\wrapper\gradle-wrapper.jar
Launcher Type: SUN_STANDARD

Environment Variables:
JAVA_HOME=C:\Program Files\Java\jdk1.8.0_181
CLASSPATH=D:\Proyek RN\KP\kita_pancasila\android\\gradle\wrapper\gradle-wrapper.jar
PATH=D:\app\oracle\product\12.2.0\dbhome_1\bin;C:\Python27\;C:\Python27\Scripts;C:\Program Files (x86)\Common Files\Oracle\Java\javapath;C:\WINDOWS\system32;C:\WINDOWS;C:\WINDOWS\System32\Wbem;C:\WINDOWS\System32\WindowsPowerShell\v1.0\;C:\Program Files (x86)\Windows Live\Shared;C:\WINDOWS\System32\OpenSSH\;C:\Program Files\Microsoft\Web Platform Installer\;C:\Program Files (x86)\Microsoft ASP.NET\ASP.NET Web Pages\v1.0\;C:\Program Files\Microsoft SQL Server\110\Tools\Binn\;C:\Program Files (x86)\Windows Kits\8.0\Windows Performance Toolkit\;C:\Program Files\nodejs\;C:\Program Files (x86)\Yarn\bin\;C:\Program Files\Microsoft SQL Server\130\Tools\Binn\;C:\Program Files\dotnet\;C:\Program Files\Java\jdk1.8.0_181\bin;E:\XAMPP\php;C:\ProgramData\ComposerSetup\bin;C:\ProgramData\chocolatey\bin;C:\Program Files\Git\cmd;E:\PuTTY\;C:\Program Files\Java\jdk1.8.0_181\bin;C:\Users\DELL\AppData\Roaming\npm;C:\Users\DELL\AppData\Local\Yarn\bin;D:\React Native\android-sdk\tools;D:\React Native\android-sdk\tools\bin;D:\React Native\android-sdk\platform-tools;E:\INSTALAN\Microsoft VS Code\bin;C:\Users\DELL\AppData\Roaming\Composer\vendor\bin;C:\Users\DELL\AppData\Local\Microsoft\WindowsApps;C:\Program Files\MongoDB\Server\4.2\bin\;
USERNAME=DELL
OS=Windows_NT
PROCESSOR_IDENTIFIER=Intel64 Family 6 Model 78 Stepping 3, GenuineIntel



---------------  S Y S T E M  ---------------

OS: Windows 10.0 , 64 bit Build 18362 (10.0.18362.329)

CPU:total 4 (initial active 4) (2 cores per cpu, 2 threads per core) family 6 model 78 stepping 3, cmov, cx8, fxsr, mmx, sse, sse2, sse3, ssse3, sse4.1, sse4.2, popcnt, avx, avx2, aes, clmul, erms, 3dnowpref, lzcnt, ht, tsc, tscinvbit, bmi1, bmi2, adx

Memory: 4k page, physical 3973908k(91156k free), swap 16032532k(592k free)

vm_info: Java HotSpot(TM) 64-Bit Server VM (25.181-b13) for windows-amd64 JRE (1.8.0_181-b13), built on Jul  7 2018 04:01:33 by "java_re" with MS VC++ 10.0 (VS2010)

time: Sat Mar 21 23:04:07 2020
elapsed time: 538 seconds (0d 0h 8m 58s)

