#
# There is insufficient memory for the Java Runtime Environment to continue.
# Native memory allocation (malloc) failed to allocate 60976 bytes for Chunk::new
# Possible reasons:
#   The system is out of physical RAM or swap space
#   In 32 bit mode, the process size limit was hit
# Possible solutions:
#   Reduce memory load on the system
#   Increase physical memory or swap space
#   Check if swap backing store is full
#   Use 64 bit Java on a 64 bit OS
#   Decrease Java heap size (-Xmx/-Xms)
#   Decrease number of Java threads
#   Decrease Java thread stack sizes (-Xss)
#   Set larger code cache with -XX:ReservedCodeCacheSize=
# This output file may be truncated or incomplete.
#
#  Native frames: (J=compiled Java code, j=interpreted, Vv=VM code, C=native code)


Current CompileTask:
C2: 454986 4442   !   4       java.lang.ref.Reference::tryHandlePending (115 bytes)


---------------  P R O C E S S  ---------------

Java Threads: ( => current thread )
  0x000000001a614000 JavaThread "Cache worker for Build Output Cleanup Cache (D:\Proyek RN\KP\kita_pancasila\android\.gradle\buildOutputCleanup)" [_thread_blocked, id=10372, stack(0x000000001cb10000,0x000000001cc10000)]
  0x000000001a613000 JavaThread "pool-1-thread-1" [_thread_blocked, id=12652, stack(0x000000001c810000,0x000000001c910000)]
  0x000000001a615800 JavaThread "Build operations Thread 4" [_thread_blocked, id=2760, stack(0x000000001c310000,0x000000001c410000)]
  0x000000001a614800 JavaThread "Build operations Thread 3" [_thread_blocked, id=7688, stack(0x000000001c210000,0x000000001c310000)]
  0x000000001a611800 JavaThread "Build operations Thread 2" [_thread_blocked, id=1876, stack(0x000000001c110000,0x000000001c210000)]
  0x000000001a612800 JavaThread "Build operations" [_thread_blocked, id=12292, stack(0x000000001c010000,0x000000001c110000)]
  0x00000000168a7800 JavaThread "Cache worker for execution history cache (C:\Users\DELL\.gradle\caches\5.5\executionHistory)" [_thread_blocked, id=3924, stack(0x000000001bd10000,0x000000001be10000)]
  0x00000000168aa800 JavaThread "Cache worker for cache directory md-rule (C:\Users\DELL\.gradle\caches\5.5\md-rule)" [_thread_blocked, id=8092, stack(0x000000001bc10000,0x000000001bd10000)]
  0x00000000168aa000 JavaThread "Cache worker for cache directory md-supplier (C:\Users\DELL\.gradle\caches\5.5\md-supplier)" [_thread_blocked, id=9616, stack(0x000000001b910000,0x000000001ba10000)]
  0x00000000168a9000 JavaThread "Cache worker for file hash cache (D:\Proyek RN\KP\kita_pancasila\android\.gradle\5.5\fileHashes)" [_thread_blocked, id=6124, stack(0x000000001ac10000,0x000000001ad10000)]
  0x00000000168ac000 JavaThread "Cache worker for journal cache (C:\Users\DELL\.gradle\caches\journal-1)" [_thread_blocked, id=2548, stack(0x0000000018970000,0x0000000018a70000)]
  0x00000000168ad000 JavaThread "File lock request listener" [_thread_in_native, id=7000, stack(0x0000000018870000,0x0000000018970000)]
  0x00000000168ab800 JavaThread "Cache worker for file hash cache (C:\Users\DELL\.gradle\caches\5.5\fileHashes)" [_thread_blocked, id=12076, stack(0x0000000000cf0000,0x0000000000df0000)]
  0x00000000168ef000 JavaThread "Thread-9" [_thread_blocked, id=7524, stack(0x0000000018470000,0x0000000018570000)]
  0x000000001671c000 JavaThread "Stdin handler" [_thread_blocked, id=9692, stack(0x0000000018370000,0x0000000018470000)]
  0x00000000168ee800 JavaThread "Asynchronous log dispatcher for DefaultDaemonConnection: socket connection from /127.0.0.1:2993 to /127.0.0.1:2996" [_thread_blocked, id=4544, stack(0x0000000018270000,0x0000000018370000)]
  0x00000000166f7000 JavaThread "Daemon worker" [_thread_blocked, id=12436, stack(0x0000000017f70000,0x0000000018070000)]
  0x00000000166f6000 JavaThread "Cancel handler" [_thread_blocked, id=360, stack(0x0000000017e70000,0x0000000017f70000)]
  0x0000000016775000 JavaThread "Handler for socket connection from /127.0.0.1:2993 to /127.0.0.1:2996" [_thread_in_native, id=4164, stack(0x0000000017d70000,0x0000000017e70000)]
  0x0000000016772800 JavaThread "Daemon" [_thread_blocked, id=1012, stack(0x0000000017c70000,0x0000000017d70000)]
  0x0000000015891000 JavaThread "Daemon periodic checks" [_thread_blocked, id=12172, stack(0x0000000000df0000,0x0000000000ef0000)]
  0x0000000016709800 JavaThread "Incoming local TCP Connector on port 2993" [_thread_in_native, id=9592, stack(0x0000000000bf0000,0x0000000000cf0000)]
  0x0000000016975800 JavaThread "Daemon health stats" [_thread_blocked, id=1764, stack(0x00000000174f0000,0x00000000175f0000)]
  0x0000000013e1d000 JavaThread "Service Thread" daemon [_thread_blocked, id=9108, stack(0x0000000015b20000,0x0000000015c20000)]
  0x0000000013dd6800 JavaThread "C1 CompilerThread2" daemon [_thread_blocked, id=1252, stack(0x0000000015620000,0x0000000015720000)]
=>0x0000000013dc4800 JavaThread "C2 CompilerThread1" daemon [_thread_in_native, id=2324, stack(0x0000000015520000,0x0000000015620000)]
  0x0000000013dbf800 JavaThread "C2 CompilerThread0" daemon [_thread_blocked, id=6552, stack(0x0000000015420000,0x0000000015520000)]
  0x0000000013dbe000 JavaThread "Attach Listener" daemon [_thread_blocked, id=7548, stack(0x0000000015320000,0x0000000015420000)]
  0x0000000013dba800 JavaThread "Signal Dispatcher" daemon [_thread_blocked, id=13308, stack(0x0000000015220000,0x0000000015320000)]
  0x000000000299b800 JavaThread "Finalizer" daemon [_thread_blocked, id=3108, stack(0x0000000015020000,0x0000000015120000)]
  0x0000000013d89000 JavaThread "Reference Handler" daemon [_thread_blocked, id=7152, stack(0x0000000014f20000,0x0000000015020000)]
  0x00000000028a2800 JavaThread "main" [_thread_blocked, id=7080, stack(0x00000000027a0000,0x00000000028a0000)]

Other Threads:
  0x0000000013d87800 VMThread [stack: 0x0000000014e20000,0x0000000014f20000] [id=8220]
  0x0000000013e1e800 WatcherThread [stack: 0x0000000015c20000,0x0000000015d20000] [id=10376]

VM state:at safepoint (normal execution)

VM Mutex/Monitor currently owned by a thread:  ([mutex/lock_event])
[0x000000000274d870] Threads_lock - owner thread: 0x0000000013d87800
[0x000000000274d7f0] Heap_lock - owner thread: 0x00000000166f7000

Heap:
 PSYoungGen      total 71680K, used 1194K [0x00000000f5580000, 0x00000000fab00000, 0x0000000100000000)
  eden space 58880K, 2% used [0x00000000f5580000,0x00000000f56aaa10,0x00000000f8f00000)
  from space 12800K, 0% used [0x00000000f9000000,0x00000000f9000000,0x00000000f9c80000)
  to   space 14336K, 0% used [0x00000000f9d00000,0x00000000f9d00000,0x00000000fab00000)
 ParOldGen       total 175104K, used 21246K [0x00000000e0000000, 0x00000000eab00000, 0x00000000f5580000)
  object space 175104K, 12% used [0x00000000e0000000,0x00000000e14bfa30,0x00000000eab00000)
 Metaspace       used 47790K, capacity 48966K, committed 49280K, reserved 1095680K
  class space    used 6578K, capacity 6923K, committed 7040K, reserved 1048576K

Card table byte_map: [0x0000000011d60000,0x0000000011e70000] byte_map_base: 0x0000000011660000

Marking Bits: (ParMarkBitMap*) 0x00000000639e2d00
 Begin Bits: [0x0000000012320000, 0x0000000012b20000)
 End Bits:   [0x0000000012b20000, 0x0000000013320000)

Polling page: 0x00000000010f0000

CodeCache: size=245760Kb used=13867Kb max_used=13878Kb free=231892Kb
 bounds [0x00000000029a0000, 0x0000000003740000, 0x00000000119a0000]
 total_blobs=4769 nmethods=3985 adapters=695
 compilation: enabled

Compilation events (10 events):
Event: 450.246 Thread 0x0000000013dd6800 nmethod 4437 0x0000000003736550 code [0x0000000003736720, 0x0000000003736da8]
Event: 450.246 Thread 0x0000000013dd6800 4438       3       com.android.repository.io.impl.FileSystemFileOp::isDirectory (13 bytes)
Event: 450.247 Thread 0x0000000013dd6800 nmethod 4438 0x0000000003737150 code [0x0000000003737340, 0x0000000003737dc8]
Event: 451.256 Thread 0x0000000013dd6800 4439   !   3       java.util.logging.LogManager::ensureLogManagerInitialized (128 bytes)
Event: 451.257 Thread 0x0000000013dd6800 nmethod 4439 0x00000000037383d0 code [0x0000000003738580, 0x0000000003738c08]
Event: 451.340 Thread 0x0000000013dd6800 4440       3       sun.net.www.protocol.jar.JarURLConnection::getUseCaches (8 bytes)
Event: 451.341 Thread 0x0000000013dd6800 nmethod 4440 0x0000000003738e10 code [0x0000000003738f80, 0x00000000037391a8]
Event: 452.613 Thread 0x0000000013dbf800 4441       4       sun.misc.URLClassPath$JarLoader::findResource (18 bytes)
Event: 452.614 Thread 0x0000000013dbf800 nmethod 4441 0x000000000373c150 code [0x000000000373c2a0, 0x000000000373c348]
Event: 454.345 Thread 0x0000000013dc4800 4442   !   4       java.lang.ref.Reference::tryHandlePending (115 bytes)

GC Heap History (10 events):
Event: 452.986 GC heap before
{Heap before GC invocations=12 (full 3):
 PSYoungGen      total 71680K, used 12785K [0x00000000f5580000, 0x00000000fab00000, 0x0000000100000000)
  eden space 58880K, 0% used [0x00000000f5580000,0x00000000f5580000,0x00000000f8f00000)
  from space 12800K, 99% used [0x00000000f9000000,0x00000000f9c7c4e8,0x00000000f9c80000)
  to   space 14336K, 0% used [0x00000000f9d00000,0x00000000f9d00000,0x00000000fab00000)
 ParOldGen       total 175104K, used 18345K [0x00000000e0000000, 0x00000000eab00000, 0x00000000f5580000)
  object space 175104K, 10% used [0x00000000e0000000,0x00000000e11ea4f0,0x00000000eab00000)
 Metaspace       used 47944K, capacity 49244K, committed 49280K, reserved 1095680K
  class space    used 6630K, capacity 7007K, committed 7040K, reserved 1048576K
Event: 453.642 GC heap after
Heap after GC invocations=12 (full 3):
 PSYoungGen      total 71680K, used 0K [0x00000000f5580000, 0x00000000fab00000, 0x0000000100000000)
  eden space 58880K, 0% used [0x00000000f5580000,0x00000000f5580000,0x00000000f8f00000)
  from space 12800K, 0% used [0x00000000f9000000,0x00000000f9000000,0x00000000f9c80000)
  to   space 14336K, 0% used [0x00000000f9d00000,0x00000000f9d00000,0x00000000fab00000)
 ParOldGen       total 175104K, used 27527K [0x00000000e0000000, 0x00000000eab00000, 0x00000000f5580000)
  object space 175104K, 15% used [0x00000000e0000000,0x00000000e1ae1fd0,0x00000000eab00000)
 Metaspace       used 47944K, capacity 49244K, committed 49280K, reserved 1093632K
  class space    used 6630K, capacity 7007K, committed 7040K, reserved 1048576K
}
Event: 453.643 GC heap before
{Heap before GC invocations=13 (full 3):
 PSYoungGen      total 71680K, used 31K [0x00000000f5580000, 0x00000000fab00000, 0x0000000100000000)
  eden space 58880K, 0% used [0x00000000f5580000,0x00000000f5587e40,0x00000000f8f00000)
  from space 12800K, 0% used [0x00000000f9000000,0x00000000f9000000,0x00000000f9c80000)
  to   space 14336K, 0% used [0x00000000f9d00000,0x00000000f9d00000,0x00000000fab00000)
 ParOldGen       total 175104K, used 27527K [0x00000000e0000000, 0x00000000eab00000, 0x00000000f5580000)
  object space 175104K, 15% used [0x00000000e0000000,0x00000000e1ae1fd0,0x00000000eab00000)
 Metaspace       used 47944K, capacity 49244K, committed 49280K, reserved 1097728K
  class space    used 6630K, capacity 7007K, committed 7040K, reserved 1048576K
Event: 453.644 GC heap after
Heap after GC invocations=13 (full 3):
 PSYoungGen      total 73216K, used 64K [0x00000000f5580000, 0x00000000fab00000, 0x0000000100000000)
  eden space 58880K, 0% used [0x00000000f5580000,0x00000000f5580000,0x00000000f8f00000)
  from space 14336K, 0% used [0x00000000f9d00000,0x00000000f9d10000,0x00000000fab00000)
  to   space 12800K, 0% used [0x00000000f9000000,0x00000000f9000000,0x00000000f9c80000)
 ParOldGen       total 175104K, used 27527K [0x00000000e0000000, 0x00000000eab00000, 0x00000000f5580000)
  object space 175104K, 15% used [0x00000000e0000000,0x00000000e1ae1fd0,0x00000000eab00000)
 Metaspace       used 47944K, capacity 49244K, committed 49280K, reserved 1097728K
  class space    used 6630K, capacity 7007K, committed 7040K, reserved 1048576K
}
Event: 453.644 GC heap before
{Heap before GC invocations=14 (full 4):
 PSYoungGen      total 73216K, used 64K [0x00000000f5580000, 0x00000000fab00000, 0x0000000100000000)
  eden space 58880K, 0% used [0x00000000f5580000,0x00000000f5580000,0x00000000f8f00000)
  from space 14336K, 0% used [0x00000000f9d00000,0x00000000f9d10000,0x00000000fab00000)
  to   space 12800K, 0% used [0x00000000f9000000,0x00000000f9000000,0x00000000f9c80000)
 ParOldGen       total 175104K, used 27527K [0x00000000e0000000, 0x00000000eab00000, 0x00000000f5580000)
  object space 175104K, 15% used [0x00000000e0000000,0x00000000e1ae1fd0,0x00000000eab00000)
 Metaspace       used 47944K, capacity 49244K, committed 49280K, reserved 1097728K
  class space    used 6630K, capacity 7007K, committed 7040K, reserved 1048576K
Event: 453.722 GC heap after
Heap after GC invocations=14 (full 4):
 PSYoungGen      total 73216K, used 0K [0x00000000f5580000, 0x00000000fab00000, 0x0000000100000000)
  eden space 58880K, 0% used [0x00000000f5580000,0x00000000f5580000,0x00000000f8f00000)
  from space 14336K, 0% used [0x00000000f9d00000,0x00000000f9d00000,0x00000000fab00000)
  to   space 12800K, 0% used [0x00000000f9000000,0x00000000f9000000,0x00000000f9c80000)
 ParOldGen       total 175104K, used 27446K [0x00000000e0000000, 0x00000000eab00000, 0x00000000f5580000)
  object space 175104K, 15% used [0x00000000e0000000,0x00000000e1acd8e8,0x00000000eab00000)
 Metaspace       used 47944K, capacity 49244K, committed 49280K, reserved 1093632K
  class space    used 6630K, capacity 7007K, committed 7040K, reserved 1048576K
}
Event: 453.722 GC heap before
{Heap before GC invocations=15 (full 4):
 PSYoungGen      total 73216K, used 0K [0x00000000f5580000, 0x00000000fab00000, 0x0000000100000000)
  eden space 58880K, 0% used [0x00000000f5580000,0x00000000f5580000,0x00000000f8f00000)
  from space 14336K, 0% used [0x00000000f9d00000,0x00000000f9d00000,0x00000000fab00000)
  to   space 12800K, 0% used [0x00000000f9000000,0x00000000f9000000,0x00000000f9c80000)
 ParOldGen       total 175104K, used 27446K [0x00000000e0000000, 0x00000000eab00000, 0x00000000f5580000)
  object space 175104K, 15% used [0x00000000e0000000,0x00000000e1acd8e8,0x00000000eab00000)
 Metaspace       used 47944K, capacity 49244K, committed 49280K, reserved 1097728K
  class space    used 6630K, capacity 7007K, committed 7040K, reserved 1048576K
Event: 453.724 GC heap after
Heap after GC invocations=15 (full 4):
 PSYoungGen      total 71680K, used 0K [0x00000000f5580000, 0x00000000fab00000, 0x0000000100000000)
  eden space 58880K, 0% used [0x00000000f5580000,0x00000000f5580000,0x00000000f8f00000)
  from space 12800K, 0% used [0x00000000f9000000,0x00000000f9000000,0x00000000f9c80000)
  to   space 14336K, 0% used [0x00000000f9d00000,0x00000000f9d00000,0x00000000fab00000)
 ParOldGen       total 175104K, used 27446K [0x00000000e0000000, 0x00000000eab00000, 0x00000000f5580000)
  object space 175104K, 15% used [0x00000000e0000000,0x00000000e1acd8e8,0x00000000eab00000)
 Metaspace       used 47944K, capacity 49244K, committed 49280K, reserved 1097728K
  class space    used 6630K, capacity 7007K, committed 7040K, reserved 1048576K
}
Event: 453.724 GC heap before
{Heap before GC invocations=16 (full 5):
 PSYoungGen      total 71680K, used 0K [0x00000000f5580000, 0x00000000fab00000, 0x0000000100000000)
  eden space 58880K, 0% used [0x00000000f5580000,0x00000000f5580000,0x00000000f8f00000)
  from space 12800K, 0% used [0x00000000f9000000,0x00000000f9000000,0x00000000f9c80000)
  to   space 14336K, 0% used [0x00000000f9d00000,0x00000000f9d00000,0x00000000fab00000)
 ParOldGen       total 175104K, used 27446K [0x00000000e0000000, 0x00000000eab00000, 0x00000000f5580000)
  object space 175104K, 15% used [0x00000000e0000000,0x00000000e1acd8e8,0x00000000eab00000)
 Metaspace       used 47944K, capacity 49244K, committed 49280K, reserved 1097728K
  class space    used 6630K, capacity 7007K, committed 7040K, reserved 1048576K
Event: 454.344 GC heap after
Heap after GC invocations=16 (full 5):
 PSYoungGen      total 71680K, used 0K [0x00000000f5580000, 0x00000000fab00000, 0x0000000100000000)
  eden space 58880K, 0% used [0x00000000f5580000,0x00000000f5580000,0x00000000f8f00000)
  from space 12800K, 0% used [0x00000000f9000000,0x00000000f9000000,0x00000000f9c80000)
  to   space 14336K, 0% used [0x00000000f9d00000,0x00000000f9d00000,0x00000000fab00000)
 ParOldGen       total 175104K, used 21246K [0x00000000e0000000, 0x00000000eab00000, 0x00000000f5580000)
  object space 175104K, 12% used [0x00000000e0000000,0x00000000e14bfa30,0x00000000eab00000)
 Metaspace       used 47790K, capacity 48966K, committed 49280K, reserved 1093632K
  class space    used 6578K, capacity 6923K, committed 7040K, reserved 1048576K
}

Deoptimization events (10 events):
Event: 408.174 Thread 0x00000000166f7000 Uncommon trap: reason=unstable_if action=reinterpret pc=0x0000000002b587d4 method=java.lang.String.replace(CC)Ljava/lang/String; @ 2
Event: 408.269 Thread 0x00000000166f7000 Uncommon trap: reason=unstable_if action=reinterpret pc=0x00000000031d301c method=groovy.lang.MetaClassImpl.checkIfStdMethod(Lgroovy/lang/MetaMethod;)V @ 55
Event: 408.269 Thread 0x00000000166f7000 Uncommon trap: reason=unstable_if action=reinterpret pc=0x000000000360c3e8 method=org.codehaus.groovy.runtime.metaclass.MetaMethodIndex.copyNonPrivateNonNewMetaMethods(Lorg/codehaus/groovy/runtime/metaclass/MetaMethodIndex$Entry;Lorg/codehaus/groovy/runti
Event: 408.269 Thread 0x00000000166f7000 Uncommon trap: reason=unstable_if action=reinterpret pc=0x00000000031ef99c method=groovy.lang.MetaClassImpl$1MOPIter.methodNameAction(Ljava/lang/Class;Lorg/codehaus/groovy/runtime/metaclass/MetaMethodIndex$Entry;)V @ 182
Event: 411.860 Thread 0x00000000166f7000 Uncommon trap: reason=unstable_if action=reinterpret pc=0x00000000031d9180 method=org.codehaus.groovy.runtime.metaclass.MetaMethodIndex.addMethodToList(Ljava/lang/Object;Lgroovy/lang/MetaMethod;)Ljava/lang/Object; @ 256
Event: 435.767 Thread 0x00000000166f7000 Uncommon trap: reason=class_check action=maybe_recompile pc=0x0000000002de7640 method=java.lang.Throwable.<init>(Ljava/lang/String;Ljava/lang/Throwable;)V @ 24
Event: 436.676 Thread 0x00000000166f7000 Uncommon trap: reason=bimorphic action=maybe_recompile pc=0x00000000035cb37c method=java.util.regex.Pattern$5.isSatisfiedBy(I)Z @ 16
Event: 436.676 Thread 0x00000000166f7000 Uncommon trap: reason=bimorphic action=maybe_recompile pc=0x00000000035cb37c method=java.util.regex.Pattern$5.isSatisfiedBy(I)Z @ 16
Event: 436.676 Thread 0x00000000166f7000 Uncommon trap: reason=bimorphic action=maybe_recompile pc=0x00000000035cb37c method=java.util.regex.Pattern$5.isSatisfiedBy(I)Z @ 16
Event: 436.676 Thread 0x00000000166f7000 Uncommon trap: reason=bimorphic action=maybe_recompile pc=0x00000000035cb37c method=java.util.regex.Pattern$5.isSatisfiedBy(I)Z @ 16

Classes redefined (0 events):
No events

Internal exceptions (10 events):
Event: 450.484 Thread 0x00000000166f7000 Exception <a 'sun/nio/fs/WindowsException'> (0x00000000f80d83d0) thrown at [C:\re\workspace\8-2-build-windows-amd64-cygwin\jdk8u181\11358\hotspot\src\share\vm\prims\jni.cpp, line 709]
Event: 450.485 Thread 0x00000000166f7000 Exception <a 'sun/nio/fs/WindowsException'> (0x00000000f80db848) thrown at [C:\re\workspace\8-2-build-windows-amd64-cygwin\jdk8u181\11358\hotspot\src\share\vm\prims\jni.cpp, line 709]
Event: 450.485 Thread 0x00000000166f7000 Exception <a 'sun/nio/fs/WindowsException'> (0x00000000f80dc778) thrown at [C:\re\workspace\8-2-build-windows-amd64-cygwin\jdk8u181\11358\hotspot\src\share\vm\prims\jni.cpp, line 709]
Event: 450.485 Thread 0x00000000166f7000 Exception <a 'sun/nio/fs/WindowsException'> (0x00000000f80dee88) thrown at [C:\re\workspace\8-2-build-windows-amd64-cygwin\jdk8u181\11358\hotspot\src\share\vm\prims\jni.cpp, line 709]
Event: 450.485 Thread 0x00000000166f7000 Exception <a 'sun/nio/fs/WindowsException'> (0x00000000f80dfdf0) thrown at [C:\re\workspace\8-2-build-windows-amd64-cygwin\jdk8u181\11358\hotspot\src\share\vm\prims\jni.cpp, line 709]
Event: 450.486 Thread 0x00000000166f7000 Exception <a 'sun/nio/fs/WindowsException'> (0x00000000f80e3468) thrown at [C:\re\workspace\8-2-build-windows-amd64-cygwin\jdk8u181\11358\hotspot\src\share\vm\prims\jni.cpp, line 709]
Event: 450.486 Thread 0x00000000166f7000 Exception <a 'sun/nio/fs/WindowsException'> (0x00000000f80e4410) thrown at [C:\re\workspace\8-2-build-windows-amd64-cygwin\jdk8u181\11358\hotspot\src\share\vm\prims\jni.cpp, line 709]
Event: 450.487 Thread 0x00000000166f7000 Exception <a 'sun/nio/fs/WindowsException'> (0x00000000f80e6b98) thrown at [C:\re\workspace\8-2-build-windows-amd64-cygwin\jdk8u181\11358\hotspot\src\share\vm\prims\jni.cpp, line 709]
Event: 450.487 Thread 0x00000000166f7000 Exception <a 'sun/nio/fs/WindowsException'> (0x00000000f80e7b78) thrown at [C:\re\workspace\8-2-build-windows-amd64-cygwin\jdk8u181\11358\hotspot\src\share\vm\prims\jni.cpp, line 709]
Event: 451.272 Thread 0x00000000166f7000 Exception <a 'java/lang/ClassNotFoundException': com/sun/org/glassfish/hk2/osgiresourcelocator/ServiceLoader> (0x00000000f8147c60) thrown at [C:\re\workspace\8-2-build-windows-amd64-cygwin\jdk8u181\11358\hotspot\src\share\vm\classfile\systemDictionary.cpp

Events (10 events):
Event: 452.958 loading class com/sun/xml/bind/api/Bridge
Event: 452.958 loading class com/sun/xml/bind/api/Bridge done
Event: 452.959 loading class com/sun/xml/bind/v2/runtime/BridgeImpl
Event: 452.959 loading class com/sun/xml/bind/v2/runtime/BridgeImpl done
Event: 452.961 loading class com/sun/xml/bind/v2/runtime/JaxBeanInfo
Event: 452.961 loading class com/sun/xml/bind/v2/runtime/JaxBeanInfo done
Event: 452.963 Executing VM operation: CollectForMetadataAllocation
Event: 453.642 Executing VM operation: CollectForMetadataAllocation done
Event: 453.642 Executing VM operation: CollectForMetadataAllocation
Event: 454.344 Executing VM operation: CollectForMetadataAllocation done


Dynamic libraries:
0x00007ff7261c0000 - 0x00007ff7261f7000 	C:\Program Files\Java\jdk1.8.0_181\bin\java.exe
0x00007fff62120000 - 0x00007fff62310000 	C:\WINDOWS\SYSTEM32\ntdll.dll
0x00007fff60de0000 - 0x00007fff60e92000 	C:\WINDOWS\System32\KERNEL32.DLL
0x00007fff5f4f0000 - 0x00007fff5f793000 	C:\WINDOWS\System32\KERNELBASE.dll
0x00007fff601d0000 - 0x00007fff60273000 	C:\WINDOWS\System32\ADVAPI32.dll
0x00007fff60bf0000 - 0x00007fff60c8e000 	C:\WINDOWS\System32\msvcrt.dll
0x00007fff60b50000 - 0x00007fff60be7000 	C:\WINDOWS\System32\sechost.dll
0x00007fff61dc0000 - 0x00007fff61ee0000 	C:\WINDOWS\System32\RPCRT4.dll
0x00007fff605b0000 - 0x00007fff60744000 	C:\WINDOWS\System32\USER32.dll
0x00007fff60150000 - 0x00007fff60171000 	C:\WINDOWS\System32\win32u.dll
0x00007fff61d90000 - 0x00007fff61db6000 	C:\WINDOWS\System32\GDI32.dll
0x00007fff5f350000 - 0x00007fff5f4e4000 	C:\WINDOWS\System32\gdi32full.dll
0x00007fff5f7a0000 - 0x00007fff5f83e000 	C:\WINDOWS\System32\msvcp_win.dll
0x00007fff5f250000 - 0x00007fff5f34a000 	C:\WINDOWS\System32\ucrtbase.dll
0x00007fff4efb0000 - 0x00007fff4f235000 	C:\WINDOWS\WinSxS\amd64_microsoft.windows.common-controls_6595b64144ccf1df_6.0.18362.720_none_e6beb5c51314836b\COMCTL32.dll
0x00007fff60810000 - 0x00007fff60b46000 	C:\WINDOWS\System32\combase.dll
0x00007fff5f8a0000 - 0x00007fff5f920000 	C:\WINDOWS\System32\bcryptPrimitives.dll
0x00007fff60280000 - 0x00007fff602ae000 	C:\WINDOWS\System32\IMM32.DLL
0x0000000063a70000 - 0x0000000063b42000 	C:\Program Files\Java\jdk1.8.0_181\jre\bin\msvcr100.dll
0x00000000631c0000 - 0x0000000063a62000 	C:\Program Files\Java\jdk1.8.0_181\jre\bin\server\jvm.dll
0x00007fff60dd0000 - 0x00007fff60dd8000 	C:\WINDOWS\System32\PSAPI.DLL
0x00007fff52a80000 - 0x00007fff52a8a000 	C:\WINDOWS\SYSTEM32\VERSION.dll
0x00007fff4de90000 - 0x00007fff4de99000 	C:\WINDOWS\SYSTEM32\WSOCK32.dll
0x00007fff5abe0000 - 0x00007fff5ac04000 	C:\WINDOWS\SYSTEM32\WINMM.dll
0x00007fff60d60000 - 0x00007fff60dcf000 	C:\WINDOWS\System32\WS2_32.dll
0x00007fff5abb0000 - 0x00007fff5abdd000 	C:\WINDOWS\SYSTEM32\WINMMBASE.dll
0x00007fff60180000 - 0x00007fff601ca000 	C:\WINDOWS\System32\cfgmgr32.dll
0x00000000631b0000 - 0x00000000631bf000 	C:\Program Files\Java\jdk1.8.0_181\jre\bin\verify.dll
0x0000000063180000 - 0x00000000631a9000 	C:\Program Files\Java\jdk1.8.0_181\jre\bin\java.dll
0x0000000063160000 - 0x0000000063176000 	C:\Program Files\Java\jdk1.8.0_181\jre\bin\zip.dll
0x00007fff61640000 - 0x00007fff61d25000 	C:\WINDOWS\System32\SHELL32.dll
0x00007fff60750000 - 0x00007fff607f9000 	C:\WINDOWS\System32\shcore.dll
0x00007fff5f920000 - 0x00007fff600a0000 	C:\WINDOWS\System32\windows.storage.dll
0x00007fff5f010000 - 0x00007fff5f033000 	C:\WINDOWS\System32\profapi.dll
0x00007fff5f060000 - 0x00007fff5f0aa000 	C:\WINDOWS\System32\powrprof.dll
0x00007fff5efe0000 - 0x00007fff5eff0000 	C:\WINDOWS\System32\UMPDC.dll
0x00007fff61d30000 - 0x00007fff61d82000 	C:\WINDOWS\System32\shlwapi.dll
0x00007fff5eff0000 - 0x00007fff5f001000 	C:\WINDOWS\System32\kernel.appcore.dll
0x00007fff5f0e0000 - 0x00007fff5f0f7000 	C:\WINDOWS\System32\cryptsp.dll
0x0000000063140000 - 0x000000006315a000 	C:\Program Files\Java\jdk1.8.0_181\jre\bin\net.dll
0x00007fff5e850000 - 0x00007fff5e8b7000 	C:\WINDOWS\system32\mswsock.dll
0x0000000063120000 - 0x0000000063131000 	C:\Program Files\Java\jdk1.8.0_181\jre\bin\nio.dll
0x00007fff5b0c0000 - 0x00007fff5b0e6000 	C:\Users\DELL\.gradle\native\29\windows-amd64\native-platform.dll
0x0000000063110000 - 0x000000006311d000 	C:\Program Files\Java\jdk1.8.0_181\jre\bin\management.dll
0x00007fff5e3c0000 - 0x00007fff5e3f3000 	C:\WINDOWS\system32\rsaenh.dll
0x00007fff5f0b0000 - 0x00007fff5f0d6000 	C:\WINDOWS\System32\bcrypt.dll
0x00007fff5eed0000 - 0x00007fff5eef5000 	C:\WINDOWS\SYSTEM32\USERENV.dll
0x00007fff5ea20000 - 0x00007fff5ea2c000 	C:\WINDOWS\SYSTEM32\CRYPTBASE.dll
0x00007fff5e560000 - 0x00007fff5e59a000 	C:\WINDOWS\SYSTEM32\IPHLPAPI.DLL
0x00007fff60310000 - 0x00007fff60318000 	C:\WINDOWS\System32\NSI.dll
0x00007fff52710000 - 0x00007fff52726000 	C:\WINDOWS\SYSTEM32\dhcpcsvc6.DLL
0x00007fff527e0000 - 0x00007fff527fc000 	C:\WINDOWS\SYSTEM32\dhcpcsvc.DLL
0x00007fff5e5a0000 - 0x00007fff5e66a000 	C:\WINDOWS\SYSTEM32\DNSAPI.dll

VM Arguments:
jvm_args: -XX:MaxMetaspaceSize=256m -XX:+HeapDumpOnOutOfMemoryError -Xms256m -Xmx512m -Dfile.encoding=windows-1252 -Duser.country=US -Duser.language=en -Duser.variant 
java_command: org.gradle.launcher.daemon.bootstrap.GradleDaemon 5.5
java_class_path (initial): C:\Users\DELL\.gradle\wrapper\dists\gradle-5.5-all\byeise1led9a3w3p149d02kfj\gradle-5.5\lib\gradle-launcher-5.5.jar
Launcher Type: SUN_STANDARD

Environment Variables:
JAVA_HOME=C:\Program Files\Java\jdk1.8.0_181
CLASSPATH=D:\Proyek RN\KP\kita_pancasila\android\\gradle\wrapper\gradle-wrapper.jar
PATH=D:\app\oracle\product\12.2.0\dbhome_1\bin;C:\Python27\;C:\Python27\Scripts;C:\Program Files (x86)\Common Files\Oracle\Java\javapath;C:\WINDOWS\system32;C:\WINDOWS;C:\WINDOWS\System32\Wbem;C:\WINDOWS\System32\WindowsPowerShell\v1.0\;C:\Program Files (x86)\Windows Live\Shared;C:\WINDOWS\System32\OpenSSH\;C:\Program Files\Microsoft\Web Platform Installer\;C:\Program Files (x86)\Microsoft ASP.NET\ASP.NET Web Pages\v1.0\;C:\Program Files\Microsoft SQL Server\110\Tools\Binn\;C:\Program Files (x86)\Windows Kits\8.0\Windows Performance Toolkit\;C:\Program Files\nodejs\;C:\Program Files (x86)\Yarn\bin\;C:\Program Files\Microsoft SQL Server\130\Tools\Binn\;C:\Program Files\dotnet\;C:\Program Files\Java\jdk1.8.0_181\bin;E:\XAMPP\php;C:\ProgramData\ComposerSetup\bin;C:\ProgramData\chocolatey\bin;C:\Program Files\Git\cmd;E:\PuTTY\;C:\Program Files\Java\jdk1.8.0_181\bin;C:\Users\DELL\AppData\Roaming\npm;C:\Users\DELL\AppData\Local\Yarn\bin;D:\React Native\android-sdk\tools;D:\React Native\android-sdk\tools\bin;D:\React Native\android-sdk\platform-tools;E:\INSTALAN\Microsoft VS Code\bin;C:\Users\DELL\AppData\Roaming\Composer\vendor\bin;C:\Users\DELL\AppData\Local\Microsoft\WindowsApps;C:\Program Files\MongoDB\Server\4.2\bin\;
USERNAME=DELL
OS=Windows_NT
PROCESSOR_IDENTIFIER=Intel64 Family 6 Model 78 Stepping 3, GenuineIntel



---------------  S Y S T E M  ---------------

OS: Windows 10.0 , 64 bit Build 18362 (10.0.18362.329)

CPU:total 4 (initial active 4) (2 cores per cpu, 2 threads per core) family 6 model 78 stepping 3, cmov, cx8, fxsr, mmx, sse, sse2, sse3, ssse3, sse4.1, sse4.2, popcnt, avx, avx2, aes, clmul, erms, 3dnowpref, lzcnt, ht, tsc, tscinvbit, bmi1, bmi2, adx

Memory: 4k page, physical 3973908k(96352k free), swap 16032532k(0k free)

vm_info: Java HotSpot(TM) 64-Bit Server VM (25.181-b13) for windows-amd64 JRE (1.8.0_181-b13), built on Jul  7 2018 04:01:33 by "java_re" with MS VC++ 10.0 (VS2010)

time: Sat Mar 21 23:04:10 2020
elapsed time: 455 seconds (0d 0h 7m 35s)

