#
# There is insufficient memory for the Java Runtime Environment to continue.
# Native memory allocation (malloc) failed to allocate 32744 bytes for ChunkPool::allocate
# Possible reasons:
#   The system is out of physical RAM or swap space
#   In 32 bit mode, the process size limit was hit
# Possible solutions:
#   Reduce memory load on the system
#   Increase physical memory or swap space
#   Check if swap backing store is full
#   Use 64 bit Java on a 64 bit OS
#   Decrease Java heap size (-Xmx/-Xms)
#   Decrease number of Java threads
#   Decrease Java thread stack sizes (-Xss)
#   Set larger code cache with -XX:ReservedCodeCacheSize=
# This output file may be truncated or incomplete.
#
#  Out of Memory Error (allocation.cpp:273), pid=2392, tid=0x0000000000000e20
#
# JRE version: Java(TM) SE Runtime Environment (8.0_181-b13) (build 1.8.0_181-b13)
# Java VM: Java HotSpot(TM) 64-Bit Server VM (25.181-b13 mixed mode windows-amd64 compressed oops)
# Failed to write core dump. Minidumps are not enabled by default on client versions of Windows
#

---------------  T H R E A D  ---------------

Current thread (0x000000001338c000):  JavaThread "C1 CompilerThread2" daemon [_thread_in_native, id=3616, stack(0x0000000014be0000,0x0000000014ce0000)]

Stack: [0x0000000014be0000,0x0000000014ce0000]
[error occurred during error reporting (printing stack bounds), id 0xc0000005]

Native frames: (J=compiled Java code, j=interpreted, Vv=VM code, C=native code)


Current CompileTask:
C1:  65091 1086       3       org.gradle.internal.logging.console.WorkInProgressRenderer::renderNow (351 bytes)


---------------  P R O C E S S  ---------------

Java Threads: ( => current thread )
  0x0000000014f46000 JavaThread "Forward input" [_thread_blocked, id=12104, stack(0x00000000175f0000,0x00000000176f0000)]
  0x0000000014f45000 JavaThread "DisconnectableInputStream source reader" daemon [_thread_in_native, id=9948, stack(0x00000000174f0000,0x00000000175f0000)]
  0x0000000015623000 JavaThread "pool-1-thread-1" [_thread_blocked, id=11156, stack(0x0000000016df0000,0x0000000016ef0000)]
  0x0000000014d0b000 JavaThread "Service Thread" daemon [_thread_blocked, id=11396, stack(0x00000000150e0000,0x00000000151e0000)]
=>0x000000001338c000 JavaThread "C1 CompilerThread2" daemon [_thread_in_native, id=3616, stack(0x0000000014be0000,0x0000000014ce0000)]
  0x0000000013382800 JavaThread "C2 CompilerThread1" daemon [_thread_blocked, id=9208, stack(0x0000000014ae0000,0x0000000014be0000)]
  0x000000001337e800 JavaThread "C2 CompilerThread0" daemon [_thread_blocked, id=1860, stack(0x00000000149e0000,0x0000000014ae0000)]
  0x000000001337c800 JavaThread "Attach Listener" daemon [_thread_blocked, id=9396, stack(0x00000000148e0000,0x00000000149e0000)]
  0x000000001337b000 JavaThread "Signal Dispatcher" daemon [_thread_blocked, id=6492, stack(0x00000000147e0000,0x00000000148e0000)]
  0x0000000002f2b800 JavaThread "Finalizer" daemon [_thread_blocked, id=12144, stack(0x00000000145e0000,0x00000000146e0000)]
  0x0000000013349000 JavaThread "Reference Handler" daemon [_thread_blocked, id=1944, stack(0x00000000144e0000,0x00000000145e0000)]
  0x0000000002e32800 JavaThread "main" [_thread_in_native, id=10720, stack(0x0000000002d10000,0x0000000002e10000)]

Other Threads:
  0x0000000013348000 VMThread [stack: 0x00000000143e0000,0x00000000144e0000] [id=6380]
  0x0000000014d27800 WatcherThread [stack: 0x00000000151e0000,0x00000000152e0000] [id=4432]

VM state:not at safepoint (normal execution)

VM Mutex/Monitor currently owned by a thread: None

Heap:
 PSYoungGen      total 18944K, used 14009K [0x00000000feb00000, 0x0000000100000000, 0x0000000100000000)
  eden space 16384K, 69% used [0x00000000feb00000,0x00000000ff631fb8,0x00000000ffb00000)
  from space 2560K, 99% used [0x00000000ffd80000,0x00000000ffffc660,0x0000000100000000)
  to   space 2560K, 0% used [0x00000000ffb00000,0x00000000ffb00000,0x00000000ffd80000)
 ParOldGen       total 44032K, used 1416K [0x00000000fc000000, 0x00000000feb00000, 0x00000000feb00000)
  object space 44032K, 3% used [0x00000000fc000000,0x00000000fc1623a8,0x00000000feb00000)
 Metaspace       used 11707K, capacity 12020K, committed 12160K, reserved 1060864K
  class space    used 1525K, capacity 1624K, committed 1664K, reserved 1048576K

Card table byte_map: [0x0000000001530000,0x0000000001560000] byte_map_base: 0x0000000000d50000

Marking Bits: (ParMarkBitMap*) 0x00000000687a2d00
 Begin Bits: [0x00000000127e0000, 0x00000000128e0000)
 End Bits:   [0x00000000128e0000, 0x00000000129e0000)

Polling page: 0x0000000001500000

CodeCache: size=245760Kb used=3751Kb max_used=3760Kb free=242008Kb
 bounds [0x0000000003020000, 0x00000000033d0000, 0x0000000012020000]
 total_blobs=1452 nmethods=1077 adapters=288
 compilation: enabled

Compilation events (10 events):
Event: 53.435 Thread 0x000000001338c000 nmethod 1081 0x00000000033c8710 code [0x00000000033c89c0, 0x00000000033c9a18]
Event: 55.111 Thread 0x0000000013382800 1082       4       com.google.common.base.Preconditions::checkNotNull (14 bytes)
Event: 55.111 Thread 0x0000000013382800 nmethod 1082 0x00000000033ccc90 code [0x00000000033ccdc0, 0x00000000033cce18]
Event: 61.511 Thread 0x000000001338c000 1083       1       org.gradle.internal.logging.events.UpdateNowEvent::getTimestamp (5 bytes)
Event: 61.511 Thread 0x000000001338c000 nmethod 1083 0x00000000033cc9d0 code [0x00000000033ccb20, 0x00000000033ccc30]
Event: 64.311 Thread 0x000000001337e800 1084       4       java.util.ArrayList$Itr::hasNext (20 bytes)
Event: 64.315 Thread 0x000000001337e800 nmethod 1084 0x00000000033cb250 code [0x00000000033cb380, 0x00000000033cb418]
Event: 64.509 Thread 0x000000001338c000 1085       3       org.gradle.internal.logging.console.BuildStatusRenderer::renderNow (43 bytes)
Event: 64.510 Thread 0x000000001338c000 nmethod 1085 0x00000000033ca750 code [0x00000000033ca920, 0x00000000033caef8]
Event: 64.610 Thread 0x000000001338c000 1086       3       org.gradle.internal.logging.console.WorkInProgressRenderer::renderNow (351 bytes)

GC Heap History (4 events):
Event: 5.692 GC heap before
{Heap before GC invocations=1 (full 0):
 PSYoungGen      total 18944K, used 16384K [0x00000000feb00000, 0x0000000100000000, 0x0000000100000000)
  eden space 16384K, 100% used [0x00000000feb00000,0x00000000ffb00000,0x00000000ffb00000)
  from space 2560K, 0% used [0x00000000ffd80000,0x00000000ffd80000,0x0000000100000000)
  to   space 2560K, 0% used [0x00000000ffb00000,0x00000000ffb00000,0x00000000ffd80000)
 ParOldGen       total 44032K, used 0K [0x00000000fc000000, 0x00000000feb00000, 0x00000000feb00000)
  object space 44032K, 0% used [0x00000000fc000000,0x00000000fc000000,0x00000000feb00000)
 Metaspace       used 5905K, capacity 6112K, committed 6272K, reserved 1056768K
  class space    used 747K, capacity 800K, committed 896K, reserved 1048576K
Event: 5.792 GC heap after
Heap after GC invocations=1 (full 0):
 PSYoungGen      total 18944K, used 2554K [0x00000000feb00000, 0x0000000100000000, 0x0000000100000000)
  eden space 16384K, 0% used [0x00000000feb00000,0x00000000feb00000,0x00000000ffb00000)
  from space 2560K, 99% used [0x00000000ffb00000,0x00000000ffd7ead0,0x00000000ffd80000)
  to   space 2560K, 0% used [0x00000000ffd80000,0x00000000ffd80000,0x0000000100000000)
 ParOldGen       total 44032K, used 173K [0x00000000fc000000, 0x00000000feb00000, 0x00000000feb00000)
  object space 44032K, 0% used [0x00000000fc000000,0x00000000fc02b798,0x00000000feb00000)
 Metaspace       used 5905K, capacity 6112K, committed 6272K, reserved 1056768K
  class space    used 747K, capacity 800K, committed 896K, reserved 1048576K
}
Event: 17.666 GC heap before
{Heap before GC invocations=2 (full 0):
 PSYoungGen      total 18944K, used 18938K [0x00000000feb00000, 0x0000000100000000, 0x0000000100000000)
  eden space 16384K, 100% used [0x00000000feb00000,0x00000000ffb00000,0x00000000ffb00000)
  from space 2560K, 99% used [0x00000000ffb00000,0x00000000ffd7ead0,0x00000000ffd80000)
  to   space 2560K, 0% used [0x00000000ffd80000,0x00000000ffd80000,0x0000000100000000)
 ParOldGen       total 44032K, used 173K [0x00000000fc000000, 0x00000000feb00000, 0x00000000feb00000)
  object space 44032K, 0% used [0x00000000fc000000,0x00000000fc02b798,0x00000000feb00000)
 Metaspace       used 9123K, capacity 9406K, committed 9600K, reserved 1056768K
  class space    used 1228K, capacity 1325K, committed 1408K, reserved 1048576K
Event: 17.692 GC heap after
Heap after GC invocations=2 (full 0):
 PSYoungGen      total 18944K, used 2545K [0x00000000feb00000, 0x0000000100000000, 0x0000000100000000)
  eden space 16384K, 0% used [0x00000000feb00000,0x00000000feb00000,0x00000000ffb00000)
  from space 2560K, 99% used [0x00000000ffd80000,0x00000000ffffc660,0x0000000100000000)
  to   space 2560K, 0% used [0x00000000ffb00000,0x00000000ffb00000,0x00000000ffd80000)
 ParOldGen       total 44032K, used 1416K [0x00000000fc000000, 0x00000000feb00000, 0x00000000feb00000)
  object space 44032K, 3% used [0x00000000fc000000,0x00000000fc1623a8,0x00000000feb00000)
 Metaspace       used 9123K, capacity 9406K, committed 9600K, reserved 1056768K
  class space    used 1228K, capacity 1325K, committed 1408K, reserved 1048576K
}

Deoptimization events (7 events):
Event: 1.321 Thread 0x0000000002e32800 Uncommon trap: reason=unstable_if action=reinterpret pc=0x00000000031aedb8 method=java.lang.String.startsWith(Ljava/lang/String;I)Z @ 25
Event: 16.274 Thread 0x0000000002e32800 Uncommon trap: reason=unstable_if action=reinterpret pc=0x00000000032a6a68 method=java.util.HashMap.hash(Ljava/lang/Object;)I @ 1
Event: 17.607 Thread 0x0000000002e32800 Uncommon trap: reason=unstable_if action=reinterpret pc=0x000000000328e57c method=java.util.HashMap.getNode(ILjava/lang/Object;)Ljava/util/HashMap$Node; @ 129
Event: 17.607 Thread 0x0000000002e32800 Uncommon trap: reason=class_check action=maybe_recompile pc=0x00000000032b0f1c method=java.util.HashMap.putVal(ILjava/lang/Object;Ljava/lang/Object;ZZ)Ljava/lang/Object; @ 203
Event: 24.856 Thread 0x0000000002e32800 Uncommon trap: reason=unstable_if action=reinterpret pc=0x00000000033522f0 method=java.util.jar.Manifest$FastInputStream.readLine([BII)I @ 87
Event: 25.774 Thread 0x00000000158d3000 Uncommon trap: reason=class_check action=maybe_recompile pc=0x00000000032b0f1c method=java.util.HashMap.putVal(ILjava/lang/Object;Ljava/lang/Object;ZZ)Ljava/lang/Object; @ 203
Event: 25.774 Thread 0x00000000158d3000 Uncommon trap: reason=class_check action=maybe_recompile pc=0x00000000032b0f1c method=java.util.HashMap.putVal(ILjava/lang/Object;Ljava/lang/Object;ZZ)Ljava/lang/Object; @ 203

Classes redefined (0 events):
No events

Internal exceptions (10 events):
Event: 16.462 Thread 0x0000000002e32800 Exception <a 'java/lang/ArrayIndexOutOfBoundsException'> (0x00000000ff59aa88) thrown at [C:\re\workspace\8-2-build-windows-amd64-cygwin\jdk8u181\11358\hotspot\src\share\vm\runtime\sharedRuntime.cpp, line 605]
Event: 16.642 Thread 0x0000000002e32800 Exception <a 'java/lang/ArrayIndexOutOfBoundsException'> (0x00000000ff60c670) thrown at [C:\re\workspace\8-2-build-windows-amd64-cygwin\jdk8u181\11358\hotspot\src\share\vm\runtime\sharedRuntime.cpp, line 605]
Event: 16.667 Thread 0x0000000002e32800 Exception <a 'java/lang/ArrayIndexOutOfBoundsException'> (0x00000000ff60d740) thrown at [C:\re\workspace\8-2-build-windows-amd64-cygwin\jdk8u181\11358\hotspot\src\share\vm\runtime\sharedRuntime.cpp, line 605]
Event: 16.668 Thread 0x0000000002e32800 Exception <a 'java/lang/ArrayIndexOutOfBoundsException'> (0x00000000ff610d68) thrown at [C:\re\workspace\8-2-build-windows-amd64-cygwin\jdk8u181\11358\hotspot\src\share\vm\runtime\sharedRuntime.cpp, line 605]
Event: 16.668 Thread 0x0000000002e32800 Exception <a 'java/lang/ArrayIndexOutOfBoundsException'> (0x00000000ff612650) thrown at [C:\re\workspace\8-2-build-windows-amd64-cygwin\jdk8u181\11358\hotspot\src\share\vm\runtime\sharedRuntime.cpp, line 605]
Event: 16.669 Thread 0x0000000002e32800 Exception <a 'java/lang/ArrayIndexOutOfBoundsException'> (0x00000000ff614e28) thrown at [C:\re\workspace\8-2-build-windows-amd64-cygwin\jdk8u181\11358\hotspot\src\share\vm\runtime\sharedRuntime.cpp, line 605]
Event: 16.990 Thread 0x0000000002e32800 Exception <a 'java/lang/NoSuchFieldError': method resolution failed> (0x00000000ff7e1848) thrown at [C:\re\workspace\8-2-build-windows-amd64-cygwin\jdk8u181\11358\hotspot\src\share\vm\prims\methodHandles.cpp, line 1167]
Event: 16.999 Thread 0x0000000002e32800 Exception <a 'java/lang/NoSuchFieldError': method resolution failed> (0x00000000ff7ef308) thrown at [C:\re\workspace\8-2-build-windows-amd64-cygwin\jdk8u181\11358\hotspot\src\share\vm\prims\methodHandles.cpp, line 1167]
Event: 21.382 Thread 0x0000000002e32800 Exception <a 'java/net/ConnectException': Connection refused: no further information> (0x00000000fed933d8) thrown at [C:\re\workspace\8-2-build-windows-amd64-cygwin\jdk8u181\11358\hotspot\src\share\vm\prims\jni.cpp, line 735]
Event: 23.410 Thread 0x0000000002e32800 Exception <a 'java/net/ConnectException': Connection refused: no further information> (0x00000000fed93b20) thrown at [C:\re\workspace\8-2-build-windows-amd64-cygwin\jdk8u181\11358\hotspot\src\share\vm\prims\jni.cpp, line 735]

Events (10 events):
Event: 53.773 loading class org/gradle/launcher/daemon/client/InputForwarder$1 done
Event: 53.773 loading class java/nio/channels/AsynchronousCloseException
Event: 53.827 loading class java/nio/channels/ClosedChannelException
Event: 53.827 loading class java/nio/channels/ClosedChannelException done
Event: 53.827 loading class java/nio/channels/AsynchronousCloseException done
Event: 53.827 Thread 0x0000000014f46000 Thread added: 0x0000000014f46000
Event: 53.907 Executing VM operation: RevokeBias
Event: 53.908 Executing VM operation: RevokeBias done
Event: 53.908 Executing VM operation: RevokeBias
Event: 53.908 Executing VM operation: RevokeBias done


Dynamic libraries:
0x00007ff7b82e0000 - 0x00007ff7b8317000 	C:\Program Files\Java\jdk1.8.0_181\bin\java.exe
0x00007fffd34e0000 - 0x00007fffd36d0000 	C:\WINDOWS\SYSTEM32\ntdll.dll
0x00007fffd2f80000 - 0x00007fffd3032000 	C:\WINDOWS\System32\KERNEL32.DLL
0x00007fffd0660000 - 0x00007fffd0903000 	C:\WINDOWS\System32\KERNELBASE.dll
0x00007fffd3300000 - 0x00007fffd33a3000 	C:\WINDOWS\System32\ADVAPI32.dll
0x00007fffd3260000 - 0x00007fffd32fe000 	C:\WINDOWS\System32\msvcrt.dll
0x00007fffd1590000 - 0x00007fffd1627000 	C:\WINDOWS\System32\sechost.dll
0x00007fffd23f0000 - 0x00007fffd2510000 	C:\WINDOWS\System32\RPCRT4.dll
0x00007fffd2250000 - 0x00007fffd23e4000 	C:\WINDOWS\System32\USER32.dll
0x00007fffd0af0000 - 0x00007fffd0b11000 	C:\WINDOWS\System32\win32u.dll
0x00007fffd1d90000 - 0x00007fffd1db6000 	C:\WINDOWS\System32\GDI32.dll
0x00007fffd12a0000 - 0x00007fffd1434000 	C:\WINDOWS\System32\gdi32full.dll
0x00007fffd0490000 - 0x00007fffd052e000 	C:\WINDOWS\System32\msvcp_win.dll
0x00007fffd0560000 - 0x00007fffd065a000 	C:\WINDOWS\System32\ucrtbase.dll
0x00007fffc0df0000 - 0x00007fffc1075000 	C:\WINDOWS\WinSxS\amd64_microsoft.windows.common-controls_6595b64144ccf1df_6.0.18362.657_none_e6c5b579130e3898\COMCTL32.dll
0x00007fffd1890000 - 0x00007fffd1bc6000 	C:\WINDOWS\System32\combase.dll
0x00007fffd0a70000 - 0x00007fffd0af0000 	C:\WINDOWS\System32\bcryptPrimitives.dll
0x00007fffd3180000 - 0x00007fffd31ae000 	C:\WINDOWS\System32\IMM32.DLL
0x0000000068830000 - 0x0000000068902000 	C:\Program Files\Java\jdk1.8.0_181\jre\bin\msvcr100.dll
0x0000000067f80000 - 0x0000000068822000 	C:\Program Files\Java\jdk1.8.0_181\jre\bin\server\jvm.dll
0x00007fffd16e0000 - 0x00007fffd16e8000 	C:\WINDOWS\System32\PSAPI.DLL
0x00007fffca8e0000 - 0x00007fffca904000 	C:\WINDOWS\SYSTEM32\WINMM.dll
0x00007fffc7c80000 - 0x00007fffc7c8a000 	C:\WINDOWS\SYSTEM32\VERSION.dll
0x00007fffbede0000 - 0x00007fffbede9000 	C:\WINDOWS\SYSTEM32\WSOCK32.dll
0x0000000001490000 - 0x00000000014ff000 	C:\WINDOWS\System32\WS2_32.dll
0x00007fffca8b0000 - 0x00007fffca8dd000 	C:\WINDOWS\SYSTEM32\WINMMBASE.dll
0x00007fffd0910000 - 0x00007fffd095a000 	C:\WINDOWS\System32\cfgmgr32.dll
0x000000006a2c0000 - 0x000000006a2cf000 	C:\Program Files\Java\jdk1.8.0_181\jre\bin\verify.dll
0x000000006a290000 - 0x000000006a2b9000 	C:\Program Files\Java\jdk1.8.0_181\jre\bin\java.dll
0x0000000069e20000 - 0x0000000069e36000 	C:\Program Files\Java\jdk1.8.0_181\jre\bin\zip.dll
0x00007fffd27c0000 - 0x00007fffd2ea5000 	C:\WINDOWS\System32\SHELL32.dll
0x00007fffd1630000 - 0x00007fffd16d9000 	C:\WINDOWS\System32\shcore.dll
0x00007fffd0b20000 - 0x00007fffd129f000 	C:\WINDOWS\System32\windows.storage.dll
0x00007fffd0450000 - 0x00007fffd046f000 	C:\WINDOWS\System32\profapi.dll
0x00007fffd03c0000 - 0x00007fffd040a000 	C:\WINDOWS\System32\powrprof.dll
0x00007fffd03b0000 - 0x00007fffd03c0000 	C:\WINDOWS\System32\UMPDC.dll
0x00007fffd1d30000 - 0x00007fffd1d82000 	C:\WINDOWS\System32\shlwapi.dll
0x00007fffd0430000 - 0x00007fffd0441000 	C:\WINDOWS\System32\kernel.appcore.dll
0x00007fffd0470000 - 0x00007fffd0487000 	C:\WINDOWS\System32\cryptsp.dll
0x0000000069e00000 - 0x0000000069e1a000 	C:\Program Files\Java\jdk1.8.0_181\jre\bin\net.dll
0x00007fffcfc20000 - 0x00007fffcfc87000 	C:\WINDOWS\system32\mswsock.dll
0x0000000067f60000 - 0x0000000067f71000 	C:\Program Files\Java\jdk1.8.0_181\jre\bin\nio.dll
0x00007fffbf3b0000 - 0x00007fffbf3d6000 	C:\Users\DELL\.gradle\native\29\windows-amd64\native-platform.dll
0x00007fffcf790000 - 0x00007fffcf7c3000 	C:\WINDOWS\system32\rsaenh.dll
0x00007fffd0530000 - 0x00007fffd0556000 	C:\WINDOWS\System32\bcrypt.dll
0x00007fffd02d0000 - 0x00007fffd02f5000 	C:\WINDOWS\SYSTEM32\USERENV.dll
0x00007fffcfdf0000 - 0x00007fffcfdfc000 	C:\WINDOWS\SYSTEM32\CRYPTBASE.dll
0x00007fffcf930000 - 0x00007fffcf96a000 	C:\WINDOWS\SYSTEM32\IPHLPAPI.DLL
0x00007fffd3430000 - 0x00007fffd3438000 	C:\WINDOWS\System32\NSI.dll
0x00007fffc7db0000 - 0x00007fffc7dc6000 	C:\WINDOWS\SYSTEM32\dhcpcsvc6.DLL
0x00007fffc7ba0000 - 0x00007fffc7bbc000 	C:\WINDOWS\SYSTEM32\dhcpcsvc.DLL
0x00007fffcf980000 - 0x00007fffcfa4a000 	C:\WINDOWS\SYSTEM32\DNSAPI.dll
0x00007fffc2d00000 - 0x00007fffc2d0a000 	C:\Users\DELL\.gradle\native\jansi\1.17.1\windows64\jansi-1.17.1-5986097534680219181.dll
0x00007fffc2cf0000 - 0x00007fffc2cfa000 	C:\Users\DELL\.gradle\native\jansi\1.17.1\windows64\jansi-1.17.1-9115620572862483878.dll
0x000000006a280000 - 0x000000006a28d000 	C:\Program Files\Java\jdk1.8.0_181\jre\bin\management.dll

VM Arguments:
jvm_args: -Xmx64m -Xms64m -Dorg.gradle.appname=gradlew 
java_command: org.gradle.wrapper.GradleWrapperMain app:installDebug -PreactNativeDevServerPort=8081
java_class_path (initial): D:\Proyek RN\KP\kita_pancasila\android\\gradle\wrapper\gradle-wrapper.jar
Launcher Type: SUN_STANDARD

Environment Variables:
JAVA_HOME=C:\Program Files\Java\jdk1.8.0_181
CLASSPATH=D:\Proyek RN\KP\kita_pancasila\android\\gradle\wrapper\gradle-wrapper.jar
PATH=D:\app\oracle\product\12.2.0\dbhome_1\bin;C:\Python27\;C:\Python27\Scripts;C:\Program Files (x86)\Common Files\Oracle\Java\javapath;C:\WINDOWS\system32;C:\WINDOWS;C:\WINDOWS\System32\Wbem;C:\WINDOWS\System32\WindowsPowerShell\v1.0\;C:\Program Files (x86)\Windows Live\Shared;C:\WINDOWS\System32\OpenSSH\;C:\Program Files\Microsoft\Web Platform Installer\;C:\Program Files (x86)\Microsoft ASP.NET\ASP.NET Web Pages\v1.0\;C:\Program Files\Microsoft SQL Server\110\Tools\Binn\;C:\Program Files (x86)\Windows Kits\8.0\Windows Performance Toolkit\;C:\Program Files\nodejs\;C:\Program Files (x86)\Yarn\bin\;C:\Program Files\Microsoft SQL Server\130\Tools\Binn\;C:\Program Files\dotnet\;C:\Program Files\Java\jdk1.8.0_181\bin;E:\XAMPP\php;C:\ProgramData\ComposerSetup\bin;C:\ProgramData\chocolatey\bin;C:\Program Files\Git\cmd;E:\PuTTY\;C:\Program Files\Java\jdk1.8.0_181\bin;C:\Users\DELL\AppData\Roaming\npm;C:\Users\DELL\AppData\Local\Yarn\bin;D:\React Native\android-sdk\tools;D:\React Native\android-sdk\tools\bin;D:\React Native\android-sdk\platform-tools;E:\INSTALAN\Microsoft VS Code\bin;C:\Users\DELL\AppData\Roaming\Composer\vendor\bin;C:\Users\DELL\AppData\Local\Microsoft\WindowsApps;C:\Program Files\MongoDB\Server\4.2\bin\;
USERNAME=DELL
OS=Windows_NT
PROCESSOR_IDENTIFIER=Intel64 Family 6 Model 78 Stepping 3, GenuineIntel



---------------  S Y S T E M  ---------------

OS: Windows 10.0 , 64 bit Build 18362 (10.0.18362.329)

CPU:total 4 (initial active 4) (2 cores per cpu, 2 threads per core) family 6 model 78 stepping 3, cmov, cx8, fxsr, mmx, sse, sse2, sse3, ssse3, sse4.1, sse4.2, popcnt, avx, avx2, aes, clmul, erms, 3dnowpref, lzcnt, ht, tsc, tscinvbit, bmi1, bmi2, adx

Memory: 4k page, physical 3973908k(271388k free), swap 16032532k(1604k free)

vm_info: Java HotSpot(TM) 64-Bit Server VM (25.181-b13) for windows-amd64 JRE (1.8.0_181-b13), built on Jul  7 2018 04:01:33 by "java_re" with MS VC++ 10.0 (VS2010)

time: Mon Mar 16 11:35:05 2020
elapsed time: 65 seconds (0d 0h 1m 5s)

